This file contains any messages produced by compilers while
running configure, to aid debugging if configure makes a mistake.

It was created by configure, which was
generated by GNU Autoconf 2.61.  Invocation command line was

  $ ./configure 

## --------- ##
## Platform. ##
## --------- ##

hostname = magnetoo
uname -m = i686
uname -r = 2.6.22-gentoo-r1
uname -s = Linux
uname -v = #4 Sat Jul 21 07:13:23 CDT 2007

/usr/bin/uname -p = unknown
/bin/uname -X     = unknown

/bin/arch              = unknown
/usr/bin/arch -k       = unknown
/usr/convex/getsysinfo = unknown
/usr/bin/hostinfo      = unknown
/bin/machine           = unknown
/usr/bin/oslevel       = unknown
/bin/universe          = unknown

PATH: /sbin
PATH: /bin
PATH: /usr/sbin
PATH: /usr/bin


## ----------- ##
## Core tests. ##
## ----------- ##

configure:1754: checking for pkg-config
configure:1772: found /usr/bin/pkg-config
configure:1784: result: /usr/bin/pkg-config
configure:1813: checking pkg-config is at least version 0.9.0
configure:1816: result: yes
configure:1827: checking for LIBSBML3
configure:1835: $PKG_CONFIG --exists --print-errors "libsbml >= 3.0.0"
Package libsbml was not found in the pkg-config search path.
Perhaps you should add the directory containing `libsbml.pc'
to the PKG_CONFIG_PATH environment variable
No package 'libsbml' found
configure:1838: $? = 1
configure:1853: $PKG_CONFIG --exists --print-errors "libsbml >= 3.0.0"
Package libsbml was not found in the pkg-config search path.
Perhaps you should add the directory containing `libsbml.pc'
to the PKG_CONFIG_PATH environment variable
No package 'libsbml' found
configure:1856: $? = 1
No package 'libsbml' found
configure:1884: result: no
configure:1975: checking for gcc
configure:2002: result: i686-pc-linux-gnu-gcc
configure:2240: checking for C compiler version
configure:2247: i686-pc-linux-gnu-gcc --version >&5
i686-pc-linux-gnu-gcc (GCC) 4.1.2 (Gentoo 4.1.2)
Copyright (C) 2006 Free Software Foundation, Inc.
This is free software; see the source for copying conditions.  There is NO
warranty; not even for MERCHANTABILITY or FITNESS FOR A PARTICULAR PURPOSE.

configure:2250: $? = 0
configure:2257: i686-pc-linux-gnu-gcc -v >&5
Using built-in specs.
Target: i686-pc-linux-gnu
Configured with: /var/tmp/portage/sys-devel/gcc-4.1.2/work/gcc-4.1.2/configure --prefix=/usr --bindir=/usr/i686-pc-linux-gnu/gcc-bin/4.1.2 --includedir=/usr/lib/gcc/i686-pc-linux-gnu/4.1.2/include --datadir=/usr/share/gcc-data/i686-pc-linux-gnu/4.1.2 --mandir=/usr/share/gcc-data/i686-pc-linux-gnu/4.1.2/man --infodir=/usr/share/gcc-data/i686-pc-linux-gnu/4.1.2/info --with-gxx-include-dir=/usr/lib/gcc/i686-pc-linux-gnu/4.1.2/include/g++-v4 --host=i686-pc-linux-gnu --build=i686-pc-linux-gnu --disable-altivec --enable-nls --without-included-gettext --with-system-zlib --disable-checking --disable-werror --enable-secureplt --disable-libunwind-exceptions --disable-multilib --disable-libmudflap --disable-libssp --disable-libgcj --enable-languages=c,c++,fortran --enable-shared --enable-threads=posix --enable-__cxa_atexit --enable-clocale=gnu
Thread model: posix
gcc version 4.1.2 (Gentoo 4.1.2)
configure:2260: $? = 0
configure:2267: i686-pc-linux-gnu-gcc -V >&5
i686-pc-linux-gnu-gcc: '-V' option must have argument
configure:2270: $? = 1
configure:2293: checking for C compiler default output file name
configure:2320: i686-pc-linux-gnu-gcc -march=pentium-m -O2 -pipe -fomit-frame-pointer -std=gnu99 -I/usr/local/include -I/usr/include/sbml -I/usr/local/include -I/usr/local/include/sbml  conftest.c  >&5
configure:2323: $? = 0
configure:2361: result: a.out
configure:2378: checking whether the C compiler works
configure:2388: ./a.out
configure:2391: $? = 0
configure:2408: result: yes
configure:2415: checking whether we are cross compiling
configure:2417: result: no
configure:2420: checking for suffix of executables
configure:2427: i686-pc-linux-gnu-gcc -o conftest -march=pentium-m -O2 -pipe -fomit-frame-pointer -std=gnu99 -I/usr/local/include -I/usr/include/sbml -I/usr/local/include -I/usr/local/include/sbml  conftest.c  >&5
configure:2430: $? = 0
configure:2454: result: 
configure:2460: checking for suffix of object files
configure:2486: i686-pc-linux-gnu-gcc -c -march=pentium-m -O2 -pipe -fomit-frame-pointer -std=gnu99 -I/usr/local/include -I/usr/include/sbml -I/usr/local/include -I/usr/local/include/sbml conftest.c >&5
configure:2489: $? = 0
configure:2512: result: o
configure:2516: checking whether we are using the GNU C compiler
configure:2545: i686-pc-linux-gnu-gcc -c -march=pentium-m -O2 -pipe -fomit-frame-pointer -std=gnu99 -I/usr/local/include -I/usr/include/sbml -I/usr/local/include -I/usr/local/include/sbml conftest.c >&5
configure:2551: $? = 0
configure:2568: result: yes
configure:2573: checking whether i686-pc-linux-gnu-gcc accepts -g
configure:2603: i686-pc-linux-gnu-gcc -c -g -I/usr/local/include -I/usr/include/sbml -I/usr/local/include -I/usr/local/include/sbml conftest.c >&5
configure:2609: $? = 0
configure:2708: result: yes
configure:2725: checking for i686-pc-linux-gnu-gcc option to accept ISO C89
configure:2799: i686-pc-linux-gnu-gcc  -c -march=pentium-m -O2 -pipe -fomit-frame-pointer -std=gnu99 -I/usr/local/include -I/usr/include/sbml -I/usr/local/include -I/usr/local/include/sbml conftest.c >&5
configure:2805: $? = 0
configure:2828: result: none needed
configure:2852: checking how to run the C preprocessor
configure:2892: i686-pc-linux-gnu-gcc -E -I/usr/local/include -I/usr/include/sbml -I/usr/local/include -I/usr/local/include/sbml conftest.c
configure:2898: $? = 0
configure:2929: i686-pc-linux-gnu-gcc -E -I/usr/local/include -I/usr/include/sbml -I/usr/local/include -I/usr/local/include/sbml conftest.c
conftest.c:8:28: error: ac_nonexistent.h: No such file or directory
configure:2935: $? = 1
configure: failed program was:
| /* confdefs.h.  */
| #define PACKAGE_NAME ""
| #define PACKAGE_TARNAME ""
| #define PACKAGE_VERSION ""
| #define PACKAGE_STRING ""
| #define PACKAGE_BUGREPORT ""
| /* end confdefs.h.  */
| #include <ac_nonexistent.h>
configure:2968: result: i686-pc-linux-gnu-gcc -E
configure:2997: i686-pc-linux-gnu-gcc -E -I/usr/local/include -I/usr/include/sbml -I/usr/local/include -I/usr/local/include/sbml conftest.c
configure:3003: $? = 0
configure:3034: i686-pc-linux-gnu-gcc -E -I/usr/local/include -I/usr/include/sbml -I/usr/local/include -I/usr/local/include/sbml conftest.c
conftest.c:8:28: error: ac_nonexistent.h: No such file or directory
configure:3040: $? = 1
configure: failed program was:
| /* confdefs.h.  */
| #define PACKAGE_NAME ""
| #define PACKAGE_TARNAME ""
| #define PACKAGE_VERSION ""
| #define PACKAGE_STRING ""
| #define PACKAGE_BUGREPORT ""
| /* end confdefs.h.  */
| #include <ac_nonexistent.h>
configure:3078: checking for grep that handles long lines and -e
configure:3152: result: /bin/grep
configure:3157: checking for egrep
configure:3235: result: /bin/grep -E
configure:3240: checking for ANSI C header files
configure:3270: i686-pc-linux-gnu-gcc -c -march=pentium-m -O2 -pipe -fomit-frame-pointer -std=gnu99 -I/usr/local/include -I/usr/include/sbml -I/usr/local/include -I/usr/local/include/sbml conftest.c >&5
configure:3276: $? = 0
configure:3375: i686-pc-linux-gnu-gcc -o conftest -march=pentium-m -O2 -pipe -fomit-frame-pointer -std=gnu99 -I/usr/local/include -I/usr/include/sbml -I/usr/local/include -I/usr/local/include/sbml  conftest.c  >&5
configure:3378: $? = 0
configure:3384: ./conftest
configure:3387: $? = 0
configure:3404: result: yes
configure:3428: checking for sys/types.h
configure:3449: i686-pc-linux-gnu-gcc -c -march=pentium-m -O2 -pipe -fomit-frame-pointer -std=gnu99 -I/usr/local/include -I/usr/include/sbml -I/usr/local/include -I/usr/local/include/sbml conftest.c >&5
configure:3455: $? = 0
configure:3471: result: yes
configure:3428: checking for sys/stat.h
configure:3449: i686-pc-linux-gnu-gcc -c -march=pentium-m -O2 -pipe -fomit-frame-pointer -std=gnu99 -I/usr/local/include -I/usr/include/sbml -I/usr/local/include -I/usr/local/include/sbml conftest.c >&5
configure:3455: $? = 0
configure:3471: result: yes
configure:3428: checking for stdlib.h
configure:3449: i686-pc-linux-gnu-gcc -c -march=pentium-m -O2 -pipe -fomit-frame-pointer -std=gnu99 -I/usr/local/include -I/usr/include/sbml -I/usr/local/include -I/usr/local/include/sbml conftest.c >&5
configure:3455: $? = 0
configure:3471: result: yes
configure:3428: checking for string.h
configure:3449: i686-pc-linux-gnu-gcc -c -march=pentium-m -O2 -pipe -fomit-frame-pointer -std=gnu99 -I/usr/local/include -I/usr/include/sbml -I/usr/local/include -I/usr/local/include/sbml conftest.c >&5
configure:3455: $? = 0
configure:3471: result: yes
configure:3428: checking for memory.h
configure:3449: i686-pc-linux-gnu-gcc -c -march=pentium-m -O2 -pipe -fomit-frame-pointer -std=gnu99 -I/usr/local/include -I/usr/include/sbml -I/usr/local/include -I/usr/local/include/sbml conftest.c >&5
configure:3455: $? = 0
configure:3471: result: yes
configure:3428: checking for strings.h
configure:3449: i686-pc-linux-gnu-gcc -c -march=pentium-m -O2 -pipe -fomit-frame-pointer -std=gnu99 -I/usr/local/include -I/usr/include/sbml -I/usr/local/include -I/usr/local/include/sbml conftest.c >&5
configure:3455: $? = 0
configure:3471: result: yes
configure:3428: checking for inttypes.h
configure:3449: i686-pc-linux-gnu-gcc -c -march=pentium-m -O2 -pipe -fomit-frame-pointer -std=gnu99 -I/usr/local/include -I/usr/include/sbml -I/usr/local/include -I/usr/local/include/sbml conftest.c >&5
configure:3455: $? = 0
configure:3471: result: yes
configure:3428: checking for stdint.h
configure:3449: i686-pc-linux-gnu-gcc -c -march=pentium-m -O2 -pipe -fomit-frame-pointer -std=gnu99 -I/usr/local/include -I/usr/include/sbml -I/usr/local/include -I/usr/local/include/sbml conftest.c >&5
configure:3455: $? = 0
configure:3471: result: yes
configure:3428: checking for unistd.h
configure:3449: i686-pc-linux-gnu-gcc -c -march=pentium-m -O2 -pipe -fomit-frame-pointer -std=gnu99 -I/usr/local/include -I/usr/include/sbml -I/usr/local/include -I/usr/local/include/sbml conftest.c >&5
configure:3455: $? = 0
configure:3471: result: yes
configure:3493: checking sbml/SBMLDocument.h usability
configure:3510: i686-pc-linux-gnu-gcc -c -march=pentium-m -O2 -pipe -fomit-frame-pointer -std=gnu99 -I/usr/local/include -I/usr/include/sbml -I/usr/local/include -I/usr/local/include/sbml conftest.c >&5
configure:3516: $? = 0
configure:3530: result: yes
configure:3534: checking sbml/SBMLDocument.h presence
configure:3549: i686-pc-linux-gnu-gcc -E -I/usr/local/include -I/usr/include/sbml -I/usr/local/include -I/usr/local/include/sbml conftest.c
configure:3555: $? = 0
configure:3569: result: yes
configure:3597: checking for sbml/SBMLDocument.h
configure:3604: result: yes
configure:3622: checking for SBMLDocument_create in -lsbml
configure:3657: i686-pc-linux-gnu-gcc -o conftest -march=pentium-m -O2 -pipe -fomit-frame-pointer -std=gnu99 -I/usr/local/include -I/usr/include/sbml -I/usr/local/include -I/usr/local/include/sbml  conftest.c -lsbml   >&5
configure:3663: $? = 0
configure:3681: result: yes
configure:3835: creating ./config.status

## ---------------------- ##
## Running config.status. ##
## ---------------------- ##

This file was extended by config.status, which was
generated by GNU Autoconf 2.61.  Invocation command line was

  CONFIG_FILES    = 
  CONFIG_HEADERS  = 
  CONFIG_LINKS    = 
  CONFIG_COMMANDS = 
  $ ./config.status 

on magnetoo

config.status:579: creating src/Makevars

## ---------------- ##
## Cache variables. ##
## ---------------- ##

ac_cv_c_compiler_gnu=yes
ac_cv_env_CC_set=
ac_cv_env_CC_value=
ac_cv_env_CFLAGS_set=
ac_cv_env_CFLAGS_value=
ac_cv_env_CPPFLAGS_set=
ac_cv_env_CPPFLAGS_value=
ac_cv_env_CPP_set=
ac_cv_env_CPP_value=
ac_cv_env_LDFLAGS_set=
ac_cv_env_LDFLAGS_value=
ac_cv_env_LIBSBML3_CFLAGS_set=
ac_cv_env_LIBSBML3_CFLAGS_value=
ac_cv_env_LIBSBML3_LIBS_set=
ac_cv_env_LIBSBML3_LIBS_value=
ac_cv_env_LIBS_set=
ac_cv_env_LIBS_value=
ac_cv_env_PKG_CONFIG_set=
ac_cv_env_PKG_CONFIG_value=
ac_cv_env_build_alias_set=
ac_cv_env_build_alias_value=
ac_cv_env_host_alias_set=
ac_cv_env_host_alias_value=
ac_cv_env_target_alias_set=
ac_cv_env_target_alias_value=
ac_cv_header_inttypes_h=yes
ac_cv_header_memory_h=yes
ac_cv_header_sbml_SBMLDocument_h=yes
ac_cv_header_stdc=yes
ac_cv_header_stdint_h=yes
ac_cv_header_stdlib_h=yes
ac_cv_header_string_h=yes
ac_cv_header_strings_h=yes
ac_cv_header_sys_stat_h=yes
ac_cv_header_sys_types_h=yes
ac_cv_header_unistd_h=yes
ac_cv_lib_sbml_SBMLDocument_create=yes
ac_cv_objext=o
ac_cv_path_EGREP='/bin/grep -E'
ac_cv_path_GREP=/bin/grep
ac_cv_path_ac_pt_PKG_CONFIG=/usr/bin/pkg-config
ac_cv_prog_CPP='i686-pc-linux-gnu-gcc -E'
ac_cv_prog_ac_ct_CC=i686-pc-linux-gnu-gcc
ac_cv_prog_cc_c89=
ac_cv_prog_cc_g=yes

## ----------------- ##
## Output variables. ##
## ----------------- ##

CC='i686-pc-linux-gnu-gcc'
CFLAGS='-march=pentium-m -O2 -pipe -fomit-frame-pointer -std=gnu99'
CPP='i686-pc-linux-gnu-gcc -E'
CPPFLAGS='-I/usr/local/include -I/usr/include/sbml -I/usr/local/include -I/usr/local/include/sbml'
DEFS='-DPACKAGE_NAME=\"\" -DPACKAGE_TARNAME=\"\" -DPACKAGE_VERSION=\"\" -DPACKAGE_STRING=\"\" -DPACKAGE_BUGREPORT=\"\" -DSTDC_HEADERS=1 -DHAVE_SYS_TYPES_H=1 -DHAVE_SYS_STAT_H=1 -DHAVE_STDLIB_H=1 -DHAVE_STRING_H=1 -DHAVE_MEMORY_H=1 -DHAVE_STRINGS_H=1 -DHAVE_INTTYPES_H=1 -DHAVE_STDINT_H=1 -DHAVE_UNISTD_H=1 -DHAVE_LIBSBML=1'
ECHO_C=''
ECHO_N='-n'
ECHO_T=''
EGREP='/bin/grep -E'
EXEEXT=''
GREP='/bin/grep'
LDFLAGS=''
LIBOBJS=''
LIBS='-lsbml '
LIBSBML3_CFLAGS=''
LIBSBML3_LIBS=''
LIBSBML_CPPFLAGS='-I/usr/include/sbml -I/usr/local/include -I/usr/local/include/sbml'
LTLIBOBJS=''
OBJEXT='o'
PACKAGE_BUGREPORT=''
PACKAGE_NAME=''
PACKAGE_STRING=''
PACKAGE_TARNAME=''
PACKAGE_VERSION=''
PATH_SEPARATOR=':'
PKG_CONFIG='/usr/bin/pkg-config'
RSBML_CPPFLAGS=''
SHELL='/bin/sh'
ac_ct_CC='i686-pc-linux-gnu-gcc'
bindir='${exec_prefix}/bin'
build_alias=''
datadir='${datarootdir}'
datarootdir='${prefix}/share'
docdir='${datarootdir}/doc/${PACKAGE}'
dvidir='${docdir}'
exec_prefix='${prefix}'
host_alias=''
htmldir='${docdir}'
includedir='${prefix}/include'
infodir='${datarootdir}/info'
libdir='${exec_prefix}/lib'
libexecdir='${exec_prefix}/libexec'
localedir='${datarootdir}/locale'
localstatedir='${prefix}/var'
mandir='${datarootdir}/man'
oldincludedir='/usr/include'
pdfdir='${docdir}'
prefix='/usr/local'
program_transform_name='s,x,x,'
psdir='${docdir}'
sbindir='${exec_prefix}/sbin'
sharedstatedir='${prefix}/com'
sysconfdir='${prefix}/etc'
target_alias=''

## ----------- ##
## confdefs.h. ##
## ----------- ##

#define PACKAGE_NAME ""
#define PACKAGE_TARNAME ""
#define PACKAGE_VERSION ""
#define PACKAGE_STRING ""
#define PACKAGE_BUGREPORT ""
#define STDC_HEADERS 1
#define HAVE_SYS_TYPES_H 1
#define HAVE_SYS_STAT_H 1
#define HAVE_STDLIB_H 1
#define HAVE_STRING_H 1
#define HAVE_MEMORY_H 1
#define HAVE_STRINGS_H 1
#define HAVE_INTTYPES_H 1
#define HAVE_STDINT_H 1
#define HAVE_UNISTD_H 1
#define HAVE_LIBSBML 1

configure: exit 0
