This file contains any messages produced by compilers while
running configure, to aid debugging if configure makes a mistake.

It was created by odeSolver configure 1.7.0beta, which was
generated by GNU Autoconf 2.62.  Invocation command line was

  $ ./configure --without-xerces --with-sundials=/usr --prefix=/home/larman/research/networks/rsbml/local

## --------- ##
## Platform. ##
## --------- ##

hostname = electroo
uname -m = i686
uname -r = 2.6.25-gentoo-r1
uname -s = Linux
uname -v = #1 SMP PREEMPT Sat Apr 26 13:34:13 PDT 2008

/usr/bin/uname -p = Intel(R) Core(TM)2 Duo CPU T7300 @ 2.00GHz
/bin/uname -X     = unknown

/bin/arch              = unknown
/usr/bin/arch -k       = unknown
/usr/convex/getsysinfo = unknown
/usr/bin/hostinfo      = unknown
/bin/machine           = unknown
/usr/bin/oslevel       = unknown
/bin/universe          = unknown

PATH: /home/larman/bin
PATH: /usr/lib/ccache/bin
PATH: /home/larman/bin
PATH: /usr/lib/ccache/bin
PATH: /usr/local/bin
PATH: /usr/bin
PATH: /bin
PATH: /opt/bin
PATH: /usr/i686-pc-linux-gnu/gcc-bin/4.1.2


## ----------- ##
## Core tests. ##
## ----------- ##

configure:1943: checking for a BSD-compatible install
configure:2011: result: /usr/bin/install -c
configure:2022: checking whether build environment is sane
configure:2065: result: yes
configure:2090: checking for a thread-safe mkdir -p
configure:2129: result: /bin/mkdir -p
configure:2142: checking for gawk
configure:2169: result: gawk
configure:2180: checking whether make sets $(MAKE)
configure:2202: result: yes
configure:2397: checking build system type
configure:2415: result: i686-pc-linux-gnu
configure:2437: checking host system type
configure:2452: result: i686-pc-linux-gnu
configure:2572: checking for g++
configure:2588: found /usr/lib/ccache/bin/g++
configure:2599: result: g++
configure:2630: checking for C++ compiler version
configure:2638: g++ --version >&5
g++ (GCC) 4.1.2 (Gentoo 4.1.2 p1.0.1)
Copyright (C) 2006 Free Software Foundation, Inc.
This is free software; see the source for copying conditions.  There is NO
warranty; not even for MERCHANTABILITY or FITNESS FOR A PARTICULAR PURPOSE.

configure:2642: $? = 0
configure:2649: g++ -v >&5
Using built-in specs.
Target: i686-pc-linux-gnu
Configured with: /var/tmp/portage/sys-devel/gcc-4.1.2/work/gcc-4.1.2/configure --prefix=/usr --bindir=/usr/i686-pc-linux-gnu/gcc-bin/4.1.2 --includedir=/usr/lib/gcc/i686-pc-linux-gnu/4.1.2/include --datadir=/usr/share/gcc-data/i686-pc-linux-gnu/4.1.2 --mandir=/usr/share/gcc-data/i686-pc-linux-gnu/4.1.2/man --infodir=/usr/share/gcc-data/i686-pc-linux-gnu/4.1.2/info --with-gxx-include-dir=/usr/lib/gcc/i686-pc-linux-gnu/4.1.2/include/g++-v4 --host=i686-pc-linux-gnu --build=i686-pc-linux-gnu --disable-altivec --enable-nls --without-included-gettext --with-system-zlib --disable-checking --disable-werror --enable-secureplt --disable-libunwind-exceptions --disable-multilib --enable-libmudflap --disable-libssp --disable-libgcj --with-arch=i686 --enable-languages=c,c++,fortran --enable-shared --enable-threads=posix --enable-__cxa_atexit --enable-clocale=gnu
Thread model: posix
gcc version 4.1.2 (Gentoo 4.1.2 p1.0.1)
configure:2653: $? = 0
configure:2660: g++ -V >&5
g++: '-V' option must have argument
configure:2664: $? = 1
configure:2687: checking for C++ compiler default output file name
configure:2709: g++    conftest.cpp -lm -lstdc++ >&5
configure:2713: $? = 0
configure:2751: result: a.out
configure:2768: checking whether the C++ compiler works
configure:2778: ./a.out
configure:2782: $? = 0
configure:2799: result: yes
configure:2806: checking whether we are cross compiling
configure:2808: result: no
configure:2811: checking for suffix of executables
configure:2818: g++ -o conftest    conftest.cpp -lm -lstdc++ >&5
configure:2822: $? = 0
configure:2846: result: 
configure:2852: checking for suffix of object files
configure:2878: g++ -c   conftest.cpp >&5
configure:2882: $? = 0
configure:2905: result: o
configure:2909: checking whether we are using the GNU C++ compiler
configure:2938: g++ -c   conftest.cpp >&5
configure:2945: $? = 0
configure:2962: result: yes
configure:2971: checking whether g++ accepts -g
configure:3001: g++ -c -g  conftest.cpp >&5
configure:3008: $? = 0
configure:3109: result: yes
configure:3143: checking for style of include used by make
configure:3171: result: GNU
configure:3196: checking dependency style of g++
configure:3287: result: gcc3
configure:3350: checking for gcc
configure:3366: found /usr/lib/ccache/bin/gcc
configure:3377: result: gcc
configure:3615: checking for C compiler version
configure:3623: gcc --version >&5
gcc (GCC) 4.1.2 (Gentoo 4.1.2 p1.0.1)
Copyright (C) 2006 Free Software Foundation, Inc.
This is free software; see the source for copying conditions.  There is NO
warranty; not even for MERCHANTABILITY or FITNESS FOR A PARTICULAR PURPOSE.

configure:3627: $? = 0
configure:3634: gcc -v >&5
Using built-in specs.
Target: i686-pc-linux-gnu
Configured with: /var/tmp/portage/sys-devel/gcc-4.1.2/work/gcc-4.1.2/configure --prefix=/usr --bindir=/usr/i686-pc-linux-gnu/gcc-bin/4.1.2 --includedir=/usr/lib/gcc/i686-pc-linux-gnu/4.1.2/include --datadir=/usr/share/gcc-data/i686-pc-linux-gnu/4.1.2 --mandir=/usr/share/gcc-data/i686-pc-linux-gnu/4.1.2/man --infodir=/usr/share/gcc-data/i686-pc-linux-gnu/4.1.2/info --with-gxx-include-dir=/usr/lib/gcc/i686-pc-linux-gnu/4.1.2/include/g++-v4 --host=i686-pc-linux-gnu --build=i686-pc-linux-gnu --disable-altivec --enable-nls --without-included-gettext --with-system-zlib --disable-checking --disable-werror --enable-secureplt --disable-libunwind-exceptions --disable-multilib --enable-libmudflap --disable-libssp --disable-libgcj --with-arch=i686 --enable-languages=c,c++,fortran --enable-shared --enable-threads=posix --enable-__cxa_atexit --enable-clocale=gnu
Thread model: posix
gcc version 4.1.2 (Gentoo 4.1.2 p1.0.1)
configure:3638: $? = 0
configure:3645: gcc -V >&5
gcc: '-V' option must have argument
configure:3649: $? = 1
configure:3652: checking whether we are using the GNU C compiler
configure:3681: gcc -c -g -O2 -Wno-unknown-pragmas -Wall -ansi -std=iso9899:1990  conftest.c >&5
configure:3688: $? = 0
configure:3705: result: yes
configure:3714: checking whether gcc accepts -g
configure:3744: gcc -c -g  conftest.c >&5
configure:3751: $? = 0
configure:3852: result: yes
configure:3869: checking for gcc option to accept ISO C89
configure:3943: gcc  -c -g -O2 -Wno-unknown-pragmas -Wall -ansi -std=iso9899:1990  conftest.c >&5
configure:3950: $? = 0
configure:3973: result: none needed
configure:3993: checking dependency style of gcc
configure:4084: result: gcc3
configure:4102: checking whether gcc accepts -fpic
configure:4128: gcc -c -fpic  conftest.c >&5
configure:4135: $? = 0
configure:4150: result: yes
configure:4164: checking how to run the C preprocessor
configure:4204: gcc -E  conftest.c
configure:4211: $? = 0
configure:4242: gcc -E  conftest.c
conftest.c:11:28: error: ac_nonexistent.h: No such file or directory
configure:4249: $? = 1
configure: failed program was:
| /* confdefs.h.  */
| #define PACKAGE_NAME "odeSolver"
| #define PACKAGE_TARNAME "SBML_odeSolver"
| #define PACKAGE_VERSION "1.7.0beta"
| #define PACKAGE_STRING "odeSolver 1.7.0beta"
| #define PACKAGE_BUGREPORT "{raim,xtof}@tbi.univie.ac.at"
| #define PACKAGE "SBML_odeSolver"
| #define VERSION "1.7.0beta"
| #define SHAREDLIBEXT ".so"
| /* end confdefs.h.  */
| #include <ac_nonexistent.h>
configure:4282: result: gcc -E
configure:4311: gcc -E  conftest.c
configure:4318: $? = 0
configure:4349: gcc -E  conftest.c
conftest.c:11:28: error: ac_nonexistent.h: No such file or directory
configure:4356: $? = 1
configure: failed program was:
| /* confdefs.h.  */
| #define PACKAGE_NAME "odeSolver"
| #define PACKAGE_TARNAME "SBML_odeSolver"
| #define PACKAGE_VERSION "1.7.0beta"
| #define PACKAGE_STRING "odeSolver 1.7.0beta"
| #define PACKAGE_BUGREPORT "{raim,xtof}@tbi.univie.ac.at"
| #define PACKAGE "SBML_odeSolver"
| #define VERSION "1.7.0beta"
| #define SHAREDLIBEXT ".so"
| /* end confdefs.h.  */
| #include <ac_nonexistent.h>
configure:4436: checking for ranlib
configure:4452: found /usr/bin/ranlib
configure:4463: result: ranlib
configure:4503: checking for a BSD-compatible install
configure:4571: result: /usr/bin/install -c
configure:4582: checking whether make sets $(MAKE)
configure:4604: result: yes
configure:4616: checking for autoconf
configure:4634: found /usr/bin/autoconf
configure:4647: result: /usr/bin/autoconf
configure:4657: checking for aclocal
configure:4675: found /usr/bin/aclocal
configure:4688: result: /usr/bin/aclocal
configure:4698: checking for make
configure:4716: found /usr/bin/make
configure:4729: result: /usr/bin/make
configure:4739: checking for ar
configure:4757: found /usr/bin/ar
configure:4770: result: /usr/bin/ar
configure:4780: checking for swig
configure:4798: found /usr/bin/swig
configure:4811: result: /usr/bin/swig
configure:4821: checking for perl
configure:4852: result: /usr/bin/perl
configure:4897: checking for SBML Library headers
configure:4910: result: yes
configure:4916: checking for SBML Library
configure:4928: result: yes
configure:4968: checking for correct functioning of SBML
configure:5003: gcc -o conftest -g -O2 -Wno-unknown-pragmas -Wall -ansi -std=iso9899:1990 -I/usr/include -I/usr/include/sbml   -Wl,-rpath,/usr/lib -L/usr/lib -Lno/lib conftest.c -lm -lstdc++ -lsbml -lexpat >&5
configure:5010: $? = 0
configure:5031: result: yes
configure:5153: checking correct functioning of SUNDIALS
configure:5189: gcc -o conftest -g -O2 -Wno-unknown-pragmas -Wall -ansi -std=iso9899:1990 -I/usr/include   -L/usr/lib conftest.c -lsundials_kinsol -lsundials_cvodes -lsundials_nvecserial -lm -lstdc++ >&5
configure:5196: $? = 0
configure:5217: result: yes
configure:5305: checking for GRACE Library headers
configure:5324: checking for GRACE Library
configure:5358: checking correct functioning of GRACE
configure:5393: gcc -o conftest -g -O2 -Wno-unknown-pragmas -Wall -ansi -std=iso9899:1990     conftest.c  -lm -lstdc++ >&5
conftest.c:25:22: error: grace_np.h: No such file or directory
conftest.c: In function 'main':
conftest.c:29: warning: implicit declaration of function 'GraceOpen'
conftest.c:29: warning: implicit declaration of function 'GracePrintf'
conftest.c:29: warning: implicit declaration of function 'GraceClose'
configure:5400: $? = 1
configure: failed program was:
| /* confdefs.h.  */
| #define PACKAGE_NAME "odeSolver"
| #define PACKAGE_TARNAME "SBML_odeSolver"
| #define PACKAGE_VERSION "1.7.0beta"
| #define PACKAGE_STRING "odeSolver 1.7.0beta"
| #define PACKAGE_BUGREPORT "{raim,xtof}@tbi.univie.ac.at"
| #define PACKAGE "SBML_odeSolver"
| #define VERSION "1.7.0beta"
| #define SHAREDLIBEXT ".so"
| #define SBML_CFLAGS "/usr/include/include"
| #define SBML_CFLAGS2 "/usr/include/include/sbml"
| #define SBML_LDFLAGS "/usr/include/lib"
| #define SBML_LIBS "sbml"
| #define USE_SBML 1
| #define OLD_LIBSBML 0
| #define SUNDIALS_CFLAGS "/usr/include"
| #define SUNDIALS_LDFLAGS "/usr/lib"
| #define SUNDIALS_LIB1 "sundials_kinsol"
| #define SUNDIALS_LIB2 "sundials_cvodes"
| #define SUNDIALS_LIB3 "sundials_nvecserial"
| #define SUNDIALS_LIB4 "sundials_shared"
| #define SUNDIALS_LIB5 "m"
| #define USE_SUNDIALS 1
| /* end confdefs.h.  */
| #include <grace_np.h>
| int
| main ()
| {
| GraceOpen(2048); GracePrintf("world xmax %g", 10.0); GraceClose();
|   ;
|   return 0;
| }
configure:5427: result: no:
                   CFLAGS=-g -O2 -Wno-unknown-pragmas -Wall -ansi -std=iso9899:1990 
                   LDFLAGS= 
                   LIBS= -lm -lstdc++
configure:5432: result: Can not link to GRACE Library!
configure:5434: result: odeSolver will be installed without XMGrace functionality
configure:5541: checking for dot
configure:5559: found /usr/bin/dot
configure:5571: result: /usr/bin/dot
configure:5592: found Graphviz Library Version 2.18
configure:5634: checking correct functioning of GRAPHVIZ
configure:5672: gcc -o conftest -g -O2 -Wno-unknown-pragmas -Wall -ansi -std=iso9899:1990 -Wno-unknown-pragmas -I/usr/include/graphviz   -L/usr/lib/graphviz conftest.c -lgvc -lm -lstdc++ >&5
configure:5679: $? = 0
configure:5703: result: yes
configure:5807: checking for isnan in -lm
configure:5842: gcc -o conftest -g -O2 -Wno-unknown-pragmas -Wall -ansi -std=iso9899:1990   conftest.c -lm  -ldl -lm -lstdc++ >&5
configure:5849: $? = 0
configure:5870: result: yes
configure:5884: checking for grep that handles long lines and -e
configure:5944: result: /bin/grep
configure:5949: checking for egrep
configure:6013: result: /bin/grep -E
configure:6018: checking for ANSI C header files
configure:6048: gcc -c -g -O2 -Wno-unknown-pragmas -Wall -ansi -std=iso9899:1990  conftest.c >&5
configure:6055: $? = 0
configure:6154: gcc -o conftest -g -O2 -Wno-unknown-pragmas -Wall -ansi -std=iso9899:1990   conftest.c -lm -ldl -lm -lstdc++ >&5
configure:6158: $? = 0
configure:6164: ./conftest
configure:6168: $? = 0
configure:6186: result: yes
configure:6210: checking for sys/types.h
configure:6231: gcc -c -g -O2 -Wno-unknown-pragmas -Wall -ansi -std=iso9899:1990  conftest.c >&5
configure:6238: $? = 0
configure:6255: result: yes
configure:6210: checking for sys/stat.h
configure:6231: gcc -c -g -O2 -Wno-unknown-pragmas -Wall -ansi -std=iso9899:1990  conftest.c >&5
configure:6238: $? = 0
configure:6255: result: yes
configure:6210: checking for stdlib.h
configure:6231: gcc -c -g -O2 -Wno-unknown-pragmas -Wall -ansi -std=iso9899:1990  conftest.c >&5
configure:6238: $? = 0
configure:6255: result: yes
configure:6210: checking for string.h
configure:6231: gcc -c -g -O2 -Wno-unknown-pragmas -Wall -ansi -std=iso9899:1990  conftest.c >&5
configure:6238: $? = 0
configure:6255: result: yes
configure:6210: checking for memory.h
configure:6231: gcc -c -g -O2 -Wno-unknown-pragmas -Wall -ansi -std=iso9899:1990  conftest.c >&5
configure:6238: $? = 0
configure:6255: result: yes
configure:6210: checking for strings.h
configure:6231: gcc -c -g -O2 -Wno-unknown-pragmas -Wall -ansi -std=iso9899:1990  conftest.c >&5
configure:6238: $? = 0
configure:6255: result: yes
configure:6210: checking for inttypes.h
configure:6231: gcc -c -g -O2 -Wno-unknown-pragmas -Wall -ansi -std=iso9899:1990  conftest.c >&5
configure:6238: $? = 0
configure:6255: result: yes
configure:6210: checking for stdint.h
configure:6231: gcc -c -g -O2 -Wno-unknown-pragmas -Wall -ansi -std=iso9899:1990  conftest.c >&5
configure:6238: $? = 0
configure:6255: result: yes
configure:6210: checking for unistd.h
configure:6231: gcc -c -g -O2 -Wno-unknown-pragmas -Wall -ansi -std=iso9899:1990  conftest.c >&5
configure:6238: $? = 0
configure:6255: result: yes
configure:6284: checking errno.h usability
configure:6301: gcc -c -g -O2 -Wno-unknown-pragmas -Wall -ansi -std=iso9899:1990  conftest.c >&5
configure:6308: $? = 0
configure:6322: result: yes
configure:6326: checking errno.h presence
configure:6341: gcc -E  conftest.c
configure:6348: $? = 0
configure:6362: result: yes
configure:6395: checking for errno.h
configure:6404: result: yes
configure:6434: checking math.h usability
configure:6451: gcc -c -g -O2 -Wno-unknown-pragmas -Wall -ansi -std=iso9899:1990  conftest.c >&5
configure:6458: $? = 0
configure:6472: result: yes
configure:6476: checking math.h presence
configure:6491: gcc -E  conftest.c
configure:6498: $? = 0
configure:6512: result: yes
configure:6545: checking for math.h
configure:6554: result: yes
configure:6571: checking whether byte ordering is bigendian
configure:6596: gcc -c -g -O2 -Wno-unknown-pragmas -Wall -ansi -std=iso9899:1990  conftest.c >&5
conftest.c:46: error: expected '=', ',', ';', 'asm' or '__attribute__' before 'is'
configure:6603: $? = 1
configure: failed program was:
| /* confdefs.h.  */
| #define PACKAGE_NAME "odeSolver"
| #define PACKAGE_TARNAME "SBML_odeSolver"
| #define PACKAGE_VERSION "1.7.0beta"
| #define PACKAGE_STRING "odeSolver 1.7.0beta"
| #define PACKAGE_BUGREPORT "{raim,xtof}@tbi.univie.ac.at"
| #define PACKAGE "SBML_odeSolver"
| #define VERSION "1.7.0beta"
| #define SHAREDLIBEXT ".so"
| #define SBML_CFLAGS "/usr/include/include"
| #define SBML_CFLAGS2 "/usr/include/include/sbml"
| #define SBML_LDFLAGS "/usr/include/lib"
| #define SBML_LIBS "sbml"
| #define USE_SBML 1
| #define OLD_LIBSBML 0
| #define SUNDIALS_CFLAGS "/usr/include"
| #define SUNDIALS_LDFLAGS "/usr/lib"
| #define SUNDIALS_LIB1 "sundials_kinsol"
| #define SUNDIALS_LIB2 "sundials_cvodes"
| #define SUNDIALS_LIB3 "sundials_nvecserial"
| #define SUNDIALS_LIB4 "sundials_shared"
| #define SUNDIALS_LIB5 "m"
| #define USE_SUNDIALS 1
| #define USE_GRACE 0
| #define USE_GRAPHVIZ 1
| #define GRAPHVIZ_MAJOR_VERSION 2
| #define GRAPHVIZ_MINOR_VERSION 18
| #define SOSLIB_CFLAGS "/home/larman/research/networks/rsbml/local/include"
| #define SOSLIB_LDFLAGS "/home/larman/research/networks/rsbml/local/lib"
| #define SOSLIB_LIBS "ODES"
| #define HAVE_LIBM 1
| #define STDC_HEADERS 1
| #define HAVE_SYS_TYPES_H 1
| #define HAVE_SYS_STAT_H 1
| #define HAVE_STDLIB_H 1
| #define HAVE_STRING_H 1
| #define HAVE_MEMORY_H 1
| #define HAVE_STRINGS_H 1
| #define HAVE_INTTYPES_H 1
| #define HAVE_STDINT_H 1
| #define HAVE_UNISTD_H 1
| #define HAVE_ERRNO_H 1
| #define HAVE_MATH_H 1
| /* end confdefs.h.  */
| #if ! (defined __BIG_ENDIAN__ || defined __LITTLE_ENDIAN__)
| 	       neither is defined;
| 	     #endif
| 	     typedef int dummy;
| 
configure:6647: gcc -c -g -O2 -Wno-unknown-pragmas -Wall -ansi -std=iso9899:1990  conftest.c >&5
conftest.c: In function 'main':
conftest.c:52: error: 'bogus' undeclared (first use in this function)
conftest.c:52: error: (Each undeclared identifier is reported only once
conftest.c:52: error: for each function it appears in.)
conftest.c:52: error: expected ';' before 'endian'
configure:6654: $? = 1
configure: failed program was:
| /* confdefs.h.  */
| #define PACKAGE_NAME "odeSolver"
| #define PACKAGE_TARNAME "SBML_odeSolver"
| #define PACKAGE_VERSION "1.7.0beta"
| #define PACKAGE_STRING "odeSolver 1.7.0beta"
| #define PACKAGE_BUGREPORT "{raim,xtof}@tbi.univie.ac.at"
| #define PACKAGE "SBML_odeSolver"
| #define VERSION "1.7.0beta"
| #define SHAREDLIBEXT ".so"
| #define SBML_CFLAGS "/usr/include/include"
| #define SBML_CFLAGS2 "/usr/include/include/sbml"
| #define SBML_LDFLAGS "/usr/include/lib"
| #define SBML_LIBS "sbml"
| #define USE_SBML 1
| #define OLD_LIBSBML 0
| #define SUNDIALS_CFLAGS "/usr/include"
| #define SUNDIALS_LDFLAGS "/usr/lib"
| #define SUNDIALS_LIB1 "sundials_kinsol"
| #define SUNDIALS_LIB2 "sundials_cvodes"
| #define SUNDIALS_LIB3 "sundials_nvecserial"
| #define SUNDIALS_LIB4 "sundials_shared"
| #define SUNDIALS_LIB5 "m"
| #define USE_SUNDIALS 1
| #define USE_GRACE 0
| #define USE_GRAPHVIZ 1
| #define GRAPHVIZ_MAJOR_VERSION 2
| #define GRAPHVIZ_MINOR_VERSION 18
| #define SOSLIB_CFLAGS "/home/larman/research/networks/rsbml/local/include"
| #define SOSLIB_LDFLAGS "/home/larman/research/networks/rsbml/local/lib"
| #define SOSLIB_LIBS "ODES"
| #define HAVE_LIBM 1
| #define STDC_HEADERS 1
| #define HAVE_SYS_TYPES_H 1
| #define HAVE_SYS_STAT_H 1
| #define HAVE_STDLIB_H 1
| #define HAVE_STRING_H 1
| #define HAVE_MEMORY_H 1
| #define HAVE_STRINGS_H 1
| #define HAVE_INTTYPES_H 1
| #define HAVE_STDINT_H 1
| #define HAVE_UNISTD_H 1
| #define HAVE_ERRNO_H 1
| #define HAVE_MATH_H 1
| /* end confdefs.h.  */
| #include <sys/types.h>
| 	     #include <sys/param.h>
| 
| int
| main ()
| {
| #if ! (defined BYTE_ORDER && defined BIG_ENDIAN 		     && defined LITTLE_ENDIAN && BYTE_ORDER && BIG_ENDIAN 		     && LITTLE_ENDIAN)
| 	      bogus endian macros
| 	     #endif
| 
|   ;
|   return 0;
| }
configure:6743: gcc -c -g -O2 -Wno-unknown-pragmas -Wall -ansi -std=iso9899:1990  conftest.c >&5
conftest.c: In function 'main':
conftest.c:51: error: 'bogus' undeclared (first use in this function)
conftest.c:51: error: (Each undeclared identifier is reported only once
conftest.c:51: error: for each function it appears in.)
conftest.c:51: error: expected ';' before 'endian'
configure:6750: $? = 1
configure: failed program was:
| /* confdefs.h.  */
| #define PACKAGE_NAME "odeSolver"
| #define PACKAGE_TARNAME "SBML_odeSolver"
| #define PACKAGE_VERSION "1.7.0beta"
| #define PACKAGE_STRING "odeSolver 1.7.0beta"
| #define PACKAGE_BUGREPORT "{raim,xtof}@tbi.univie.ac.at"
| #define PACKAGE "SBML_odeSolver"
| #define VERSION "1.7.0beta"
| #define SHAREDLIBEXT ".so"
| #define SBML_CFLAGS "/usr/include/include"
| #define SBML_CFLAGS2 "/usr/include/include/sbml"
| #define SBML_LDFLAGS "/usr/include/lib"
| #define SBML_LIBS "sbml"
| #define USE_SBML 1
| #define OLD_LIBSBML 0
| #define SUNDIALS_CFLAGS "/usr/include"
| #define SUNDIALS_LDFLAGS "/usr/lib"
| #define SUNDIALS_LIB1 "sundials_kinsol"
| #define SUNDIALS_LIB2 "sundials_cvodes"
| #define SUNDIALS_LIB3 "sundials_nvecserial"
| #define SUNDIALS_LIB4 "sundials_shared"
| #define SUNDIALS_LIB5 "m"
| #define USE_SUNDIALS 1
| #define USE_GRACE 0
| #define USE_GRAPHVIZ 1
| #define GRAPHVIZ_MAJOR_VERSION 2
| #define GRAPHVIZ_MINOR_VERSION 18
| #define SOSLIB_CFLAGS "/home/larman/research/networks/rsbml/local/include"
| #define SOSLIB_LDFLAGS "/home/larman/research/networks/rsbml/local/lib"
| #define SOSLIB_LIBS "ODES"
| #define HAVE_LIBM 1
| #define STDC_HEADERS 1
| #define HAVE_SYS_TYPES_H 1
| #define HAVE_SYS_STAT_H 1
| #define HAVE_STDLIB_H 1
| #define HAVE_STRING_H 1
| #define HAVE_MEMORY_H 1
| #define HAVE_STRINGS_H 1
| #define HAVE_INTTYPES_H 1
| #define HAVE_STDINT_H 1
| #define HAVE_UNISTD_H 1
| #define HAVE_ERRNO_H 1
| #define HAVE_MATH_H 1
| /* end confdefs.h.  */
| #include <limits.h>
| 
| int
| main ()
| {
| #if ! (defined _LITTLE_ENDIAN || defined _BIG_ENDIAN)
| 	      bogus endian macros
| 	     #endif
| 
|   ;
|   return 0;
| }
configure:6913: gcc -o conftest -g -O2 -Wno-unknown-pragmas -Wall -ansi -std=iso9899:1990   conftest.c -lm -ldl -lm -lstdc++ >&5
configure:6917: $? = 0
configure:6923: ./conftest
configure:6927: $? = 0
configure:6945: result: no
configure:6965: checking for an ANSI C-conforming const
configure:7040: gcc -c -g -O2 -Wno-unknown-pragmas -Wall -ansi -std=iso9899:1990  conftest.c >&5
conftest.c: In function 'main':
conftest.c:74: warning: 't' is used uninitialized in this function
conftest.c:90: warning: 'b' is used uninitialized in this function
conftest.c:96: warning: 'cs[0]' is used uninitialized in this function
configure:7047: $? = 0
configure:7062: result: yes
configure:7072: checking for size_t
configure:7100: gcc -c -g -O2 -Wno-unknown-pragmas -Wall -ansi -std=iso9899:1990  conftest.c >&5
configure:7107: $? = 0
configure:7134: gcc -c -g -O2 -Wno-unknown-pragmas -Wall -ansi -std=iso9899:1990  conftest.c >&5
conftest.c: In function 'main':
conftest.c:81: error: expected expression before ')' token
configure:7141: $? = 1
configure: failed program was:
| /* confdefs.h.  */
| #define PACKAGE_NAME "odeSolver"
| #define PACKAGE_TARNAME "SBML_odeSolver"
| #define PACKAGE_VERSION "1.7.0beta"
| #define PACKAGE_STRING "odeSolver 1.7.0beta"
| #define PACKAGE_BUGREPORT "{raim,xtof}@tbi.univie.ac.at"
| #define PACKAGE "SBML_odeSolver"
| #define VERSION "1.7.0beta"
| #define SHAREDLIBEXT ".so"
| #define SBML_CFLAGS "/usr/include/include"
| #define SBML_CFLAGS2 "/usr/include/include/sbml"
| #define SBML_LDFLAGS "/usr/include/lib"
| #define SBML_LIBS "sbml"
| #define USE_SBML 1
| #define OLD_LIBSBML 0
| #define SUNDIALS_CFLAGS "/usr/include"
| #define SUNDIALS_LDFLAGS "/usr/lib"
| #define SUNDIALS_LIB1 "sundials_kinsol"
| #define SUNDIALS_LIB2 "sundials_cvodes"
| #define SUNDIALS_LIB3 "sundials_nvecserial"
| #define SUNDIALS_LIB4 "sundials_shared"
| #define SUNDIALS_LIB5 "m"
| #define USE_SUNDIALS 1
| #define USE_GRACE 0
| #define USE_GRAPHVIZ 1
| #define GRAPHVIZ_MAJOR_VERSION 2
| #define GRAPHVIZ_MINOR_VERSION 18
| #define SOSLIB_CFLAGS "/home/larman/research/networks/rsbml/local/include"
| #define SOSLIB_LDFLAGS "/home/larman/research/networks/rsbml/local/lib"
| #define SOSLIB_LIBS "ODES"
| #define HAVE_LIBM 1
| #define STDC_HEADERS 1
| #define HAVE_SYS_TYPES_H 1
| #define HAVE_SYS_STAT_H 1
| #define HAVE_STDLIB_H 1
| #define HAVE_STRING_H 1
| #define HAVE_MEMORY_H 1
| #define HAVE_STRINGS_H 1
| #define HAVE_INTTYPES_H 1
| #define HAVE_STDINT_H 1
| #define HAVE_UNISTD_H 1
| #define HAVE_ERRNO_H 1
| #define HAVE_MATH_H 1
| /* end confdefs.h.  */
| #include <stdio.h>
| #ifdef HAVE_SYS_TYPES_H
| # include <sys/types.h>
| #endif
| #ifdef HAVE_SYS_STAT_H
| # include <sys/stat.h>
| #endif
| #ifdef STDC_HEADERS
| # include <stdlib.h>
| # include <stddef.h>
| #else
| # ifdef HAVE_STDLIB_H
| #  include <stdlib.h>
| # endif
| #endif
| #ifdef HAVE_STRING_H
| # if !defined STDC_HEADERS && defined HAVE_MEMORY_H
| #  include <memory.h>
| # endif
| # include <string.h>
| #endif
| #ifdef HAVE_STRINGS_H
| # include <strings.h>
| #endif
| #ifdef HAVE_INTTYPES_H
| # include <inttypes.h>
| #endif
| #ifdef HAVE_STDINT_H
| # include <stdint.h>
| #endif
| #ifdef HAVE_UNISTD_H
| # include <unistd.h>
| #endif
| int
| main ()
| {
| if (sizeof ((size_t)))
| 	  return 0;
|   ;
|   return 0;
| }
configure:7164: result: yes
configure:7329: creating ./config.status

## ---------------------- ##
## Running config.status. ##
## ---------------------- ##

This file was extended by odeSolver config.status 1.7.0beta, which was
generated by GNU Autoconf 2.62.  Invocation command line was

  CONFIG_FILES    = 
  CONFIG_HEADERS  = 
  CONFIG_LINKS    = 
  CONFIG_COMMANDS = 
  $ ./config.status 

on electroo

config.status:841: creating ./Makefile
config.status:841: creating examples/Makefile
config.status:841: creating odeSolver/Makefile
config.status:841: creating src/Makefile
config.status:841: creating src/libODES.pc
config.status:841: creating src/sbmlsolver/config.h
config.status:1063: src/sbmlsolver/config.h is unchanged
config.status:1115: executing depfiles commands

## ---------------- ##
## Cache variables. ##
## ---------------- ##

ac_cv_build=i686-pc-linux-gnu
ac_cv_c_bigendian=no
ac_cv_c_compiler_gnu=yes
ac_cv_c_const=yes
ac_cv_cxx_compiler_gnu=yes
ac_cv_env_CCC_set=
ac_cv_env_CCC_value=
ac_cv_env_CC_set=
ac_cv_env_CC_value=
ac_cv_env_CFLAGS_set=
ac_cv_env_CFLAGS_value=
ac_cv_env_CPPFLAGS_set=
ac_cv_env_CPPFLAGS_value=
ac_cv_env_CPP_set=
ac_cv_env_CPP_value=
ac_cv_env_CXXFLAGS_set=
ac_cv_env_CXXFLAGS_value=
ac_cv_env_CXX_set=
ac_cv_env_CXX_value=
ac_cv_env_FPIC_set=
ac_cv_env_FPIC_value=
ac_cv_env_LDFLAGS_set=
ac_cv_env_LDFLAGS_value=
ac_cv_env_LIBS_set=
ac_cv_env_LIBS_value=
ac_cv_env_build_alias_set=
ac_cv_env_build_alias_value=
ac_cv_env_host_alias_set=
ac_cv_env_host_alias_value=
ac_cv_env_target_alias_set=
ac_cv_env_target_alias_value=
ac_cv_header_errno_h=yes
ac_cv_header_inttypes_h=yes
ac_cv_header_math_h=yes
ac_cv_header_memory_h=yes
ac_cv_header_stdc=yes
ac_cv_header_stdint_h=yes
ac_cv_header_stdlib_h=yes
ac_cv_header_string_h=yes
ac_cv_header_strings_h=yes
ac_cv_header_sys_stat_h=yes
ac_cv_header_sys_types_h=yes
ac_cv_header_unistd_h=yes
ac_cv_host=i686-pc-linux-gnu
ac_cv_lib_m_isnan=yes
ac_cv_objext=o
ac_cv_path_ACLOCAL=/usr/bin/aclocal
ac_cv_path_AR=/usr/bin/ar
ac_cv_path_AUTOCONF=/usr/bin/autoconf
ac_cv_path_DOT=/usr/bin/dot
ac_cv_path_EGREP='/bin/grep -E'
ac_cv_path_GREP=/bin/grep
ac_cv_path_MAKE=/usr/bin/make
ac_cv_path_PERL=/usr/bin/perl
ac_cv_path_SWIG=/usr/bin/swig
ac_cv_path_install='/usr/bin/install -c'
ac_cv_path_mkdir=/bin/mkdir
ac_cv_prog_AWK=gawk
ac_cv_prog_CPP='gcc -E'
ac_cv_prog_ac_ct_CC=gcc
ac_cv_prog_ac_ct_CXX=g++
ac_cv_prog_ac_ct_RANLIB=ranlib
ac_cv_prog_cc_c89=
ac_cv_prog_cc_fpic=yes
ac_cv_prog_cc_g=yes
ac_cv_prog_cxx_g=yes
ac_cv_prog_make_make_set=yes
ac_cv_type_size_t=yes
am_cv_CC_dependencies_compiler_type=gcc3
am_cv_CXX_dependencies_compiler_type=gcc3

## ----------------- ##
## Output variables. ##
## ----------------- ##

ACLOCAL='/usr/bin/aclocal'
AMDEPBACKSLASH='\'
AMDEP_FALSE='#'
AMDEP_TRUE=''
AMTAR='${SHELL} /home/larman/research/networks/rsbml/inst/SBML_odeSolver-1.7.0beta/config/missing --run tar'
AR='/usr/bin/ar'
AUTOCONF='/usr/bin/autoconf'
AUTOHEADER='${SHELL} /home/larman/research/networks/rsbml/inst/SBML_odeSolver-1.7.0beta/config/missing --run autoheader'
AUTOMAKE='${SHELL} /home/larman/research/networks/rsbml/inst/SBML_odeSolver-1.7.0beta/config/missing --run automake-1.10'
AWK='gawk'
CC='gcc'
CCDEPMODE='depmode=gcc3'
CFLAGS='-g -O2 -Wno-unknown-pragmas -Wall -ansi -std=iso9899:1990'
CPP='gcc -E'
CPPFLAGS=''
CXX='g++'
CXXDEPMODE='depmode=gcc3'
CXXFLAGS='-g -O2'
CYGPATH_W='echo'
DEFS='-DHAVE_CONFIG_H'
DEPDIR='.deps'
DOT='/usr/bin/dot'
ECHO_C=''
ECHO_N='-n'
ECHO_T=''
EGREP='/bin/grep -E'
EXEEXT=''
FPIC='-fPIC'
GRACE_CFLAGS=''
GRACE_LDFLAGS=''
GRACE_LIBS=''
GRACE_RPATH=''
GRAPHVIZ_CFLAGS='-I/usr/include/graphviz'
GRAPHVIZ_LDFLAGS='-L/usr/lib/graphviz'
GRAPHVIZ_LIBS='-lgvc'
GRAPHVIZ_RPATH='-Wl,-rpath,/usr/lib/graphviz'
GREP='/bin/grep'
HOST_TYPE='linux'
INSTALL_DATA='${INSTALL} -m 644'
INSTALL_PROGRAM='${INSTALL}'
INSTALL_SCRIPT='${INSTALL}'
INSTALL_STRIP_PROGRAM='$(install_sh) -c -s'
LDFLAGS=''
LIBOBJS=''
LIBS='-lm -ldl -lm -lstdc++'
LTLIBOBJS=''
MAKE='/usr/bin/make'
MAKEINFO='${SHELL} /home/larman/research/networks/rsbml/inst/SBML_odeSolver-1.7.0beta/config/missing --run makeinfo'
MKDIR_P='/bin/mkdir -p'
OBJEXT='o'
OLD_LIBSBML=''
PACKAGE='SBML_odeSolver'
PACKAGE_BUGREPORT='{raim,xtof}@tbi.univie.ac.at'
PACKAGE_NAME='odeSolver'
PACKAGE_STRING='odeSolver 1.7.0beta'
PACKAGE_TARNAME='SBML_odeSolver'
PACKAGE_VERSION='1.7.0beta'
PATH_SEPARATOR=':'
PERL='/usr/bin/perl'
RANLIB='ranlib'
SBML_CFLAGS='-I/usr/include -I/usr/include/sbml'
SBML_LDFLAGS='-L/usr/lib -Lno/lib'
SBML_LIBS='-lsbml -lexpat'
SBML_RPATH='-Wl,-rpath,/usr/lib'
SET_MAKE=''
SHAREDLIBEXT='so'
SHELL='/bin/sh'
STRIP=''
SUNDIALS_CFLAGS='-I/usr/include'
SUNDIALS_LDFLAGS='-L/usr/lib'
SUNDIALS_LIBS='-lsundials_kinsol -lsundials_cvodes -lsundials_nvecserial'
SWIG='/usr/bin/swig'
TestDataDirectory='$(srcdir)'
USE_GRACE='0'
USE_GRAPHVIZ='1'
USE_SBML='1'
USE_SUNDIALS='1'
VERSION='1.7.0beta'
ac_ct_CC='gcc'
ac_ct_CXX='g++'
am__fastdepCC_FALSE='#'
am__fastdepCC_TRUE=''
am__fastdepCXX_FALSE='#'
am__fastdepCXX_TRUE=''
am__include='include'
am__isrc=''
am__leading_dot='.'
am__quote=''
am__tar='${AMTAR} chof - "$$tardir"'
am__untar='${AMTAR} xf -'
bindir='${exec_prefix}/bin'
build='i686-pc-linux-gnu'
build_alias=''
build_cpu='i686'
build_os='linux-gnu'
build_vendor='pc'
datadir='${datarootdir}'
datarootdir='${prefix}/share'
docdir='${datarootdir}/doc/${PACKAGE_TARNAME}'
dvidir='${docdir}'
exec_prefix='${prefix}'
host='i686-pc-linux-gnu'
host_alias=''
host_cpu='i686'
host_os='linux-gnu'
host_vendor='pc'
htmldir='${docdir}'
includedir='${prefix}/include'
infodir='${datarootdir}/info'
install_sh='$(SHELL) /home/larman/research/networks/rsbml/inst/SBML_odeSolver-1.7.0beta/config/install-sh'
libdir='${exec_prefix}/lib'
libexecdir='${exec_prefix}/libexec'
localedir='${datarootdir}/locale'
localstatedir='${prefix}/var'
mandir='${datarootdir}/man'
mkdir_p='/bin/mkdir -p'
oldincludedir='/usr/include'
pdfdir='${docdir}'
prefix='/home/larman/research/networks/rsbml/local'
program_transform_name='s,x,x,'
psdir='${docdir}'
sbindir='${exec_prefix}/sbin'
sharedstatedir='${prefix}/com'
sysconfdir='${prefix}/etc'
target_alias=''

## ----------- ##
## confdefs.h. ##
## ----------- ##

#define PACKAGE_NAME "odeSolver"
#define PACKAGE_TARNAME "SBML_odeSolver"
#define PACKAGE_VERSION "1.7.0beta"
#define PACKAGE_STRING "odeSolver 1.7.0beta"
#define PACKAGE_BUGREPORT "{raim,xtof}@tbi.univie.ac.at"
#define PACKAGE "SBML_odeSolver"
#define VERSION "1.7.0beta"
#define SHAREDLIBEXT ".so"
#define SBML_CFLAGS "/usr/include/include"
#define SBML_CFLAGS2 "/usr/include/include/sbml"
#define SBML_LDFLAGS "/usr/include/lib"
#define SBML_LIBS "sbml"
#define USE_SBML 1
#define OLD_LIBSBML 0
#define SUNDIALS_CFLAGS "/usr/include"
#define SUNDIALS_LDFLAGS "/usr/lib"
#define SUNDIALS_LIB1 "sundials_kinsol"
#define SUNDIALS_LIB2 "sundials_cvodes"
#define SUNDIALS_LIB3 "sundials_nvecserial"
#define SUNDIALS_LIB4 "sundials_shared"
#define SUNDIALS_LIB5 "m"
#define USE_SUNDIALS 1
#define USE_GRACE 0
#define USE_GRAPHVIZ 1
#define GRAPHVIZ_MAJOR_VERSION 2
#define GRAPHVIZ_MINOR_VERSION 18
#define SOSLIB_CFLAGS "/home/larman/research/networks/rsbml/local/include"
#define SOSLIB_LDFLAGS "/home/larman/research/networks/rsbml/local/lib"
#define SOSLIB_LIBS "ODES"
#define HAVE_LIBM 1
#define STDC_HEADERS 1
#define HAVE_SYS_TYPES_H 1
#define HAVE_SYS_STAT_H 1
#define HAVE_STDLIB_H 1
#define HAVE_STRING_H 1
#define HAVE_MEMORY_H 1
#define HAVE_STRINGS_H 1
#define HAVE_INTTYPES_H 1
#define HAVE_STDINT_H 1
#define HAVE_UNISTD_H 1
#define HAVE_ERRNO_H 1
#define HAVE_MATH_H 1

configure: exit 0
